0 info it worked if it ends with ok
1 verbose cli [ '/usr/bin/node', '/usr/bin/npm', 'run', 'webpack' ]
2 info using npm@3.5.2
3 info using node@v8.10.0
4 verbose run-script [ 'prewebpack', 'webpack', 'postwebpack' ]
5 info lifecycle flowchart@1.0.0~prewebpack: flowchart@1.0.0
6 silly lifecycle flowchart@1.0.0~prewebpack: no script for prewebpack, continuing
7 info lifecycle flowchart@1.0.0~webpack: flowchart@1.0.0
8 verbose lifecycle flowchart@1.0.0~webpack: unsafe-perm in lifecycle true
9 verbose lifecycle flowchart@1.0.0~webpack: PATH: /usr/share/npm/bin/node-gyp-bin:/home/skrivbord1/skola/TDP029/FlowChart/node_modules/.bin:/home/skrivbord1/.local/bin:/usr/local/sbin:/usr/local/bin:/usr/sbin:/usr/bin:/sbin:/bin:/usr/games:/usr/local/games:/snap/bin:/home/skrivbord1/tdiu16-labs/src/utils:/home/skrivbord1/skola/TDIU16/tdiu16-labs/src/utils:/home/skrivbord1/skola/TDIU16/tdiu16/src/utils
10 verbose lifecycle flowchart@1.0.0~webpack: CWD: /home/skrivbord1/skola/TDP029/FlowChart
11 silly lifecycle flowchart@1.0.0~webpack: Args: [ '-c', 'webpack-dev-server' ]
12 silly lifecycle flowchart@1.0.0~webpack: Returned: code: 1  signal: null
13 info lifecycle flowchart@1.0.0~webpack: Failed to exec webpack script
14 verbose stack Error: flowchart@1.0.0 webpack: `webpack-dev-server`
14 verbose stack Exit status 1
14 verbose stack     at EventEmitter.<anonymous> (/usr/share/npm/lib/utils/lifecycle.js:232:16)
14 verbose stack     at emitTwo (events.js:126:13)
14 verbose stack     at EventEmitter.emit (events.js:214:7)
14 verbose stack     at ChildProcess.<anonymous> (/usr/share/npm/lib/utils/spawn.js:24:14)
14 verbose stack     at emitTwo (events.js:126:13)
14 verbose stack     at ChildProcess.emit (events.js:214:7)
14 verbose stack     at maybeClose (internal/child_process.js:925:16)
14 verbose stack     at Process.ChildProcess._handle.onexit (internal/child_process.js:209:5)
15 verbose pkgid flowchart@1.0.0
16 verbose cwd /home/skrivbord1/skola/TDP029/FlowChart
17 error Linux 5.3.0-46-generic
18 error argv "/usr/bin/node" "/usr/bin/npm" "run" "webpack"
19 error node v8.10.0
20 error npm  v3.5.2
21 error code ELIFECYCLE
22 error flowchart@1.0.0 webpack: `webpack-dev-server`
22 error Exit status 1
23 error Failed at the flowchart@1.0.0 webpack script 'webpack-dev-server'.
23 error Make sure you have the latest version of node.js and npm installed.
23 error If you do, this is most likely a problem with the flowchart package,
23 error not with npm itself.
23 error Tell the author that this fails on your system:
23 error     webpack-dev-server
23 error You can get information on how to open an issue for this project with:
23 error     npm bugs flowchart
23 error Or if that isn't available, you can get their info via:
23 error     npm owner ls flowchart
23 error There is likely additional logging output above.
24 verbose exit [ 1, true ]
